<?xml version="1.0" encoding="UTF-8"?>
<testng-results skipped="0" failed="0" ignored="0" total="1" passed="1">
  <reporter-output>
  </reporter-output>
  <suite name="Default suite" duration-ms="6134" started-at="2018-09-26T11:58:06Z" finished-at="2018-09-26T11:58:12Z">
    <groups>
    </groups>
    <test name="Default test" duration-ms="6134" started-at="2018-09-26T11:58:06Z" finished-at="2018-09-26T11:58:12Z">
      <class name="sfautoscript.test.testNgClass1">
        <test-method status="PASS" signature="f()[pri:0, instance:sfautoscript.test.testNgClass1@33723e30]" name="f" duration-ms="6101" started-at="2018-09-26T17:28:06Z" finished-at="2018-09-26T17:28:12Z">
          <reporter-output>
          </reporter-output>
        </test-method> <!-- f -->
      </class> <!-- sfautoscript.test.testNgClass1 -->
    </test> <!-- Default test -->
  </suite> <!-- Default suite -->
</testng-results>
